01-Prism.xyz
0.995309726002 0.961246656829 106.249407558
0.977154294562 0.961491435413 106.026675165
0.971002696615 0.967362497797 101.812925879
0.979374896762 0.96884145533 100.894601256
0.970589260035 0.969154642209 103.986433343
0.98287615597 0.961291566315 105.689929397
0 0 0.0
0 1 0.995309726002
0 2 0.961246656829
0 3 2.76136979052
0 4 1.84667108008
0 5 3.37657437126
0 6 2.86206215817
0 7 1.9845392084
0 8 2.96520306539
0 9 2.65244104651
0 10 2.95846210877
0 11 3.05245268731
0 12 3.9086088954
0 13 3.47355840462
0 14 4.04233589873
0 15 4.03403517178
0 16 3.52723255663
0 17 4.89461061421
1 0 0.995309726002
1 1 0.0
1 2 1.56526795642
1 3 3.09025606866
1 4 2.29946038746
1 5 3.80875275557
1 6 3.10593282413
1 7 2.34978029317
1 8 3.29490451967
1 9 1.66984081926
1 10 2.09917217524
1 11 2.16305077904
1 12 3.38830094493
1 13 3.19089277092
1 14 3.50854164531
1 15 3.51171184546
1 16 3.23105508156
1 17 4.40233951006
2 0 0.961246656829
2 1 1.56526795642
2 2 0.0
2 3 3.53893829639
2 4 2.57080927281
2 5 4.0012414384
2 6 3.678354318
2 7 2.73674359392
2 8 3.83243448273
2 9 3.16080683884
2 10 3.60416442231
2 11 3.6554236485
2 12 4.74250819977
2 13 4.33427445169
2 14 4.93430320867
2 15 4.87429213539
2 16 4.39339231448
2 17 5.71070572258
3 0 2.76136979052
3 1 3.09025606866
3 2 3.53893829639
3 3 0.0
3 4 0.977154294562
3 5 0.961491435413
3 6 2.92787506783
3 7 2.83681215674
3 8 2.15800412146
3 9 3.9385520941
3 10 3.47768310606
3 11 4.22425482447
3 12 2.90411436874
3 13 1.96555692155
3 14 3.22096314776
3 15 4.18525918538
3 16 3.65548645907
3 17 5.01618421302
4 0 1.84667108008
4 1 2.29946038746
4 2 2.57080927281
4 3 0.977154294562
4 4 0.0
4 5 1.54857154176
4 6 2.83783932243
4 7 2.42598284271
4 8 2.32031844828
4 9 3.43659098256
4 10 3.17510290816
4 11 3.82663512747
4 12 3.16656022389
4 13 2.36821817573
4 14 3.48721093831
4 15 4.18989496566
4 16 3.64352556896
4 17 5.07397148014
5 0 3.37657437126
5 1 3.80875275557
5 2 4.0012414384
5 3 0.961491435413
5 4 1.54857154176
5 5 0.0
5 6 3.76555616384
5 7 3.64945227198
5 8 2.93808038852
5 9 4.72797126345
5 10 4.23202420724
5 11 5.10784525335
5 12 3.57099223716
5 13 2.61442320541
5 14 4.0183136263
5 15 5.13237333247
5 16 4.60539523817
5 17 5.9539963142
6 0 2.86206215817
6 1 3.10593282413
6 2 3.678354318
6 3 2.92787506783
6 4 2.83783932243
6 5 3.76555616384
6 6 0.0
6 7 0.971002696615
6 8 0.967362497797
6 9 3.86022048254
6 10 3.91464482569
6 11 3.51947535019
6 12 3.93981917936
6 13 3.4918847748
6 14 3.48752588337
6 15 2.73660241378
6 16 1.77004574375
6 17 3.24950639142
7 0 1.9845392084
7 1 2.34978029317
7 2 2.73674359392
7 3 2.83681215674
7 4 2.42598284271
7 5 3.64945227198
7 6 0.971002696615
7 7 0.0
7 8 1.50440098162
7 9 3.40704706452
7 10 3.61394834916
7 11 3.22975508471
7 12 4.01953372678
7 13 3.56036141669
7 14 3.72812179386
7 15 3.08073472973
7 16 2.22512324554
7 17 3.72933099529
8 0 2.96520306539
8 1 3.29490451967
8 2 3.83243448273
8 3 2.15800412146
8 4 2.32031844828
8 5 2.93808038852
8 6 0.967362497797
8 7 1.50440098162
8 8 0.0
8 9 4.09881597657
8 10 3.94399011634
8 11 3.91069794455
8 12 3.61042073781
8 13 2.98041643971
8 14 3.30090192491
8 15 3.13141231603
8 16 2.25619609004
8 17 3.72264747703
9 0 2.65244104651
9 1 1.66984081926
9 2 3.16080683884
9 3 3.9385520941
9 4 3.43659098256
9 5 4.72797126345
9 6 3.86022048254
9 7 3.40704706452
9 8 4.09881597657
9 9 0.0
9 10 0.979374896762
9 11 0.96884145533
9 12 2.78596620943
9 13 3.09679894292
9 14 2.82765679899
9 15 2.91003993058
9 16 3.13167412612
9 17 3.76242579798
10 0 2.95846210877
10 1 2.09917217524
10 2 3.60416442231
10 3 3.47768310606
10 4 3.17510290816
10 5 4.23202420724
10 6 3.91464482569
10 7 3.61394834916
10 8 3.94399011634
10 9 0.979374896762
10 10 0.0
10 11 1.502166166
10 12 1.86770302087
10 13 2.28123870077
10 14 2.09900505945
10 15 2.85082561816
10 16 3.13069061435
10 17 3.75107992044
11 0 3.05245268731
11 1 2.16305077904
11 2 3.6554236485
11 3 4.22425482447
11 4 3.82663512747
11 5 5.10784525335
11 6 3.51947535019
11 7 3.22975508471
11 8 3.91069794455
11 9 0.96884145533
11 10 1.502166166
11 11 0.0
11 12 2.91924637959
11 13 3.3058871572
11 14 2.62903937327
11 15 2.11568995531
11 16 2.46444853839
11 17 2.88430448993
12 0 3.9086088954
12 1 3.38830094493
12 2 4.74250819977
12 3 2.90411436874
12 4 3.16656022389
12 5 3.57099223716
12 6 3.93981917936
12 7 4.01953372678
12 8 3.61042073781
12 9 2.78596620943
12 10 1.86770302087
12 11 2.91924637959
12 12 0.0
12 13 0.970589260035
12 14 0.969154642209
12 15 2.92777294007
12 16 3.17252607062
12 17 3.73301259772
13 0 3.47355840462
13 1 3.19089277092
13 2 4.33427445169
13 3 1.96555692155
13 4 2.36821817573
13 5 2.61442320541
13 6 3.4918847748
13 7 3.56036141669
13 8 2.98041643971
13 9 3.09679894292
13 10 2.28123870077
13 11 3.3058871572
13 12 0.970589260035
13 13 0.0
13 14 1.52839791272
13 15 3.23206702162
13 16 3.17801686668
13 17 4.07525590727
14 0 4.04233589873
14 1 3.50854164531
14 2 4.93430320867
14 3 3.22096314776
14 4 3.48721093831
14 5 4.0183136263
14 6 3.48752588337
14 7 3.72812179386
14 8 3.30090192491
14 9 2.82765679899
14 10 2.09900505945
14 11 2.62903937327
14 12 0.969154642209
14 13 1.52839791272
14 14 0.0
14 15 2.06526167455
14 16 2.41367834388
14 17 2.80170385889
15 0 4.03403517178
15 1 3.51171184546
15 2 4.87429213539
15 3 4.18525918538
15 4 4.18989496566
15 5 5.13237333247
15 6 2.73660241378
15 7 3.08073472973
15 8 3.13141231603
15 9 2.91003993058
15 10 2.85082561816
15 11 2.11568995531
15 12 2.92777294007
15 13 3.23206702162
15 14 2.06526167455
15 15 0.0
15 16 0.98287615597
15 17 0.961291566315
16 0 3.52723255663
16 1 3.23105508156
16 2 4.39339231448
16 3 3.65548645907
16 4 3.64352556896
16 5 4.60539523817
16 6 1.77004574375
16 7 2.22512324554
16 8 2.25619609004
16 9 3.13167412612
16 10 3.13069061435
16 11 2.46444853839
16 12 3.17252607062
16 13 3.17801686668
16 14 2.41367834388
16 15 0.98287615597
16 16 0.0
16 17 1.54956458461
17 0 4.89461061421
17 1 4.40233951006
17 2 5.71070572258
17 3 5.01618421302
17 4 5.07397148014
17 5 5.9539963142
17 6 3.24950639142
17 7 3.72933099529
17 8 3.72264747703
17 9 3.76242579798
17 10 3.75107992044
17 11 2.88430448993
17 12 3.73301259772
17 13 4.07525590727
17 14 2.80170385889
17 15 0.961291566315
17 16 1.54956458461
17 17 0.0
02-Cage.xyz
0.982726264191 0.96121096529 106.050815462
0.970480887846 0.976271596701 103.777987
0.994694058201 0.961326696948 106.057510215
0.970639492977 0.969533283336 102.922570625
0.979211144156 0.961198178478 105.31988405
0.980046030715 0.960288765175 106.097342639
0 0 0.0
0 1 0.982726264191
0 2 0.96121096529
0 3 2.89646982475
0 4 1.99430407583
0 5 3.25037472733
0 6 3.5380965283
0 7 3.1878729903
0 8 4.47440436336
0 9 2.91364602238
0 10 1.98692856423
0 11 3.08144108572
0 12 2.71585520706
0 13 2.9343206082
0 14 3.3318783317
0 15 4.168166867
0 16 3.66319291595
0 17 4.69746624371
1 0 0.982726264191
1 1 0.0
1 2 1.55306984773
1 3 3.19399830578
1 4 2.41702027165
1 5 3.7216132355
1 6 3.18577064539
1 7 3.04764849511
1 8 4.1035570169
1 9 3.16976097925
1 10 2.34442463226
1 11 3.08908027764
1 12 1.76310062368
1 13 2.15031792647
1 14 2.39627412223
1 15 4.74855658627
1 16 4.19334765082
1 17 5.38983214304
2 0 0.96121096529
2 1 1.55306984773
2 2 0.0
2 3 3.64244936512
2 4 2.68195485484
2 5 3.98621343432
2 6 4.47623838362
2 7 4.11203958068
2 8 5.40667579793
2 9 3.69377163964
2 10 2.72778996008
2 11 3.97667120121
2 12 3.27108381886
2 13 3.69226783663
2 14 3.81898326296
2 15 4.87498322704
2 16 4.40286882338
2 17 5.28444062061
3 0 2.89646982475
3 1 3.19399830578
3 2 3.64244936512
3 3 0.0
3 4 0.970480887846
3 5 0.976271596701
3 6 2.66128368812
3 7 1.68388751851
3 8 3.18236630038
3 9 3.41701836939
3 10 3.15431472262
3 11 3.16167246077
3 12 3.93301491108
3 13 3.43340668253
3 14 4.76933191577
3 15 2.7757629674
3 16 2.91814672358
3 17 3.55941500147
4 0 1.99430407583
4 1 2.41702027165
4 2 2.68195485484
4 3 0.970480887846
4 4 0.0
4 5 1.53174109718
4 6 2.92374426986
4 7 2.09043749315
4 8 3.64685409235
4 9 3.19737653069
4 10 2.67686821316
4 11 3.10471262583
4 12 3.49117626097
4 13 3.21092519358
4 14 4.33231768412
4 15 3.09227483189
4 16 3.02628499596
4 17 3.77189754501
5 0 3.25037472733
5 1 3.7216132355
5 2 3.98621343432
5 3 0.976271596701
5 4 1.53174109718
5 5 0.0
5 6 3.05042741294
5 7 2.14940880764
5 8 3.53996451056
5 9 3.13216654824
5 10 3.03712807602
5 11 3.04507074923
5 12 4.60332211748
5 13 4.06500205159
5 14 5.35753599901
5 15 1.8443128765
5 16 2.16671103759
5 17 2.60288405697
6 0 3.5380965283
6 1 3.18577064539
6 2 4.47623838362
6 3 2.66128368812
6 4 2.92374426986
6 5 3.05042741294
6 6 0.0
6 7 0.994694058201
6 8 0.961326696948
6 9 2.93995600779
6 10 3.05977884372
6 11 2.04858730479
6 12 2.74505712847
6 13 1.79993093325
6 14 3.22853772994
6 15 3.88811072341
6 16 3.50929176205
6 17 4.82553234936
7 0 3.1878729903
7 1 3.04764849511
7 2 4.11203958068
7 3 1.68388751851
7 4 2.09043749315
7 5 2.14940880764
7 6 0.994694058201
7 7 0.0
7 8 1.56286706268
7 9 2.96609345717
7 10 2.95374030994
7 11 2.27230152369
7 12 3.06277391264
7 13 2.25756389259
7 14 3.74648604428
7 15 3.30479571255
7 16 3.10757567878
7 17 4.24424997274
8 0 4.47440436336
8 1 4.1035570169
8 2 5.40667579793
8 3 3.18236630038
8 4 3.64685409235
8 5 3.53996451056
8 6 0.961326696948
8 7 1.56286706268
8 8 0.0
8 9 3.70652462815
8 10 3.95510329974
8 11 2.77707919491
8 12 3.45722407358
8 13 2.48120761705
8 14 3.8773218788
8 15 4.32211657716
8 16 4.07018140462
8 17 5.27580526292
9 0 2.91364602238
9 1 3.16976097925
9 2 3.69377163964
9 3 3.41701836939
9 4 3.19737653069
9 5 3.13216654824
9 6 2.93995600779
9 7 2.96609345717
9 8 3.70652462815
9 9 0.0
9 10 0.970639492977
9 11 0.969533283336
9 12 3.88609586636
9 13 3.47887045107
9 14 4.11371229507
9 15 2.75598000874
9 16 1.81135803127
9 17 3.30753862899
10 0 1.98692856423
10 1 2.34442463226
10 2 2.72778996008
10 3 3.15431472262
10 4 2.67686821316
10 5 3.03712807602
10 6 3.05977884372
10 7 2.95374030994
10 8 3.95510329974
10 9 0.970639492977
10 10 0.0
10 11 1.51757875091
10 12 3.3850576402
10 13 3.17807219757
10 14 3.70212399728
10 15 3.08429507907
10 16 2.24717284909
10 17 3.60848471526
11 0 3.08144108572
11 1 3.08908027764
11 2 3.97667120121
11 3 3.16167246077
11 4 3.10471262583
11 5 3.04507074923
11 6 2.04858730479
11 7 2.27230152369
11 8 2.77707919491
11 9 0.969533283336
11 10 1.51757875091
11 11 0.0
11 12 3.3963834916
11 13 2.80411007369
11 14 3.63709336065
11 15 2.99410242488
11 16 2.19178397592
11 17 3.73847218857
12 0 2.71585520706
12 1 1.76310062368
12 2 3.27108381886
12 3 3.93301491108
12 4 3.49117626097
12 5 4.60332211748
12 6 2.74505712847
12 7 3.06277391264
12 8 3.45722407358
12 9 3.88609586636
12 10 3.3850576402
12 11 3.3963834916
12 12 0.0
12 13 0.979211144156
12 14 0.961198178478
12 15 5.68689231902
12 16 5.11150103598
12 17 6.47971988464
13 0 2.9343206082
13 1 2.15031792647
13 2 3.69226783663
13 3 3.43340668253
13 4 3.21092519358
13 5 4.06500205159
13 6 1.79993093325
13 7 2.25756389259
13 8 2.48120761705
13 9 3.47887045107
13 10 3.17807219757
13 11 2.80411007369
13 12 0.979211144156
13 13 0.0
13 14 1.54276036984
13 15 5.10804614913
13 16 4.57600533588
13 17 5.96566052144
14 0 3.3318783317
14 1 2.39627412223
14 2 3.81898326296
14 3 4.76933191577
14 4 4.33231768412
14 5 5.35753599901
14 6 3.22853772994
14 7 3.74648604428
14 8 3.8773218788
14 9 4.11371229507
14 10 3.70212399728
14 11 3.63709336065
14 12 0.961198178478
14 13 1.54276036984
14 14 0.0
14 15 6.24363177029
14 16 5.56606301689
14 17 7.01582086867
15 0 4.168166867
15 1 4.74855658627
15 2 4.87498322704
15 3 2.7757629674
15 4 3.09227483189
15 5 1.8443128765
15 6 3.88811072341
15 7 3.30479571255
15 8 4.32211657716
15 9 2.75598000874
15 10 3.08429507907
15 11 2.99410242488
15 12 5.68689231902
15 13 5.10804614913
15 14 6.24363177029
15 15 0.0
15 16 0.980046030715
15 17 0.960288765175
16 0 3.66319291595
16 1 4.19334765082
16 2 4.40286882338
16 3 2.91814672358
16 4 3.02628499596
16 5 2.16671103759
16 6 3.50929176205
16 7 3.10757567878
16 8 4.07018140462
16 9 1.81135803127
16 10 2.24717284909
16 11 2.19178397592
16 12 5.11150103598
16 13 4.57600533588
16 14 5.56606301689
16 15 0.980046030715
16 16 0.0
16 17 1.55065714524
17 0 4.69746624371
17 1 5.38983214304
17 2 5.28444062061
17 3 3.55941500147
17 4 3.77189754501
17 5 2.60288405697
17 6 4.82553234936
17 7 4.24424997274
17 8 5.27580526292
17 9 3.30753862899
17 10 3.60848471526
17 11 3.73847218857
17 12 6.47971988464
17 13 5.96566052144
17 14 7.01582086867
17 15 0.960288765175
17 16 1.55065714524
17 17 0.0
03-Bag.xyz
3.77761826011 2.65699586239 76.3011186948
4.26771569042 4.11903570753 55.4018069208
2.18828619131 3.44693522436 38.424615316
1.52354030851 3.07484249063 44.6120496916
2.59062017215 3.8830993905 69.1508258434
4.92169758552 6.02507599766 38.8190861721
0 0 0.0
0 1 3.77761826011
0 2 2.65699586239
0 3 4.20796536157
0 4 2.82080053696
0 5 2.82170410801
0 6 3.9296766357
0 7 3.10336282819
0 8 0.994349374613
0 9 3.40178683635
0 10 3.38060354775
0 11 1.87124549121
0 12 1.88676699169
0 13 0.961554000762
0 14 3.32755515612
0 15 3.37822074681
0 16 3.20547899892
0 17 4.84130580557
1 0 3.77761826011
1 1 0.0
1 2 4.07137121832
1 3 2.69093139038
1 4 2.85170540675
1 5 2.82430282834
1 6 1.70822378165
1 7 3.44437096814
1 8 3.72720623596
1 9 0.972689331869
1 10 0.973548451044
1 11 3.05396137673
1 12 3.10060147252
1 13 4.73369365618
1 14 3.51379482183
1 15 3.5333159304
1 16 4.53542695239
1 17 3.13504864453
2 0 2.65699586239
2 1 4.07137121832
2 2 0.0
2 3 2.67690327357
2 4 3.96550476695
2 5 4.21487113311
2 6 3.06826054964
2 7 0.988851939308
2 8 1.66514491075
2 9 3.96977186262
2 10 4.08595052106
2 11 3.60010179947
2 12 3.45637272419
2 13 3.09917938247
2 14 5.0751162378
2 15 4.85150449844
2 16 0.961479933345
2 17 3.31419724507
3 0 4.20796536157
3 1 2.69093139038
3 2 2.67690327357
3 3 0.0
3 4 4.26771569042
3 5 4.11903570753
3 6 0.989193447613
3 7 1.69376836393
3 8 3.52215036088
3 9 3.10742429959
3 10 3.07598067129
3 11 4.08187619157
3 12 4.25062481854
3 13 5.02396610794
3 14 5.06612463639
3 15 5.20665324996
3 16 3.04862712173
3 17 0.960616293968
4 0 2.82080053696
4 1 2.85170540675
4 2 3.96550476695
4 3 4.26771569042
4 4 0.0
4 5 3.90085356387
4 6 3.63995508328
4 7 3.95337577095
4 8 3.07004071583
4 9 1.91308283987
4 10 3.07877563343
4 11 3.42416826624
4 12 0.973295758931
4 13 3.56043722291
4 14 4.35908503377
4 15 0.960732870805
4 16 4.06153593853
4 17 5.10429408409
5 0 2.82170410801
5 1 2.82430282834
5 2 4.21487113311
5 3 4.11903570753
5 4 3.90085356387
5 5 0.0
5 6 3.51099810203
5 7 4.00965091973
5 8 3.1951858675
5 9 3.0978609341
5 10 1.88083588185
5 11 0.97453598632
5 12 3.42747266045
5 13 3.46822879762
5 14 0.960695903735
5 15 4.39709903867
5 16 5.03784096801
5 17 4.31483103892
6 0 3.9296766357
6 1 1.70822378165
6 2 3.06826054964
6 3 0.989193447613
6 4 3.63995508328
6 5 3.51099810203
6 6 0.0
6 7 2.18828619131
6 8 3.44693522436
6 9 2.21476374469
6 10 2.1816968842
6 11 3.57316433954
6 12 3.71777517664
6 13 4.83381736138
6 14 4.41504557398
6 15 4.53191201804
6 16 3.4996019306
6 17 1.55288460955
7 0 3.10336282819
7 1 3.44437096814
7 2 0.988851939308
7 3 1.69376836393
7 4 3.95337577095
7 5 4.00965091973
7 6 2.18828619131
7 7 0.0
7 8 2.20258328505
7 9 3.51399991147
7 10 3.5672224008
7 11 3.59765278439
7 12 3.61933084735
7 13 3.74101757946
7 14 4.94053682688
7 15 4.89848628193
7 16 1.54190440755
7 17 2.34598277899
8 0 0.994349374613
8 1 3.72720623596
8 2 1.66514491075
8 3 3.52215036088
8 4 3.07004071583
8 5 3.1951858675
8 6 3.44693522436
8 7 2.20258328505
8 8 0.0
8 9 3.44235483581
8 10 3.48067390358
8 11 2.35146829542
8 12 2.27461766706
8 13 1.55490499088
8 14 3.89228380555
8 15 3.81002615643
8 16 2.25994320023
8 17 4.17865532863
9 0 3.40178683635
9 1 0.972689331869
9 2 3.96977186262
9 3 3.10742429959
9 4 1.91308283987
9 5 3.0978609341
9 6 2.21476374469
9 7 3.51399991147
9 8 3.44235483581
9 9 0.0
9 10 1.52354030851
9 11 3.07484249063
9 12 2.31585233889
9 13 4.34504828544
9 14 3.71567353531
9 15 2.58761180854
9 16 4.30572561844
9 17 3.75596807529
10 0 3.38060354775
10 1 0.973548451044
10 2 4.08595052106
10 3 3.07598067129
10 4 3.07877563343
10 5 1.88083588185
10 6 2.1816968842
10 7 3.5672224008
10 8 3.48067390358
10 9 1.52354030851
10 10 0.0
10 11 2.25965362091
10 12 3.07050256149
10 13 4.29198638424
10 14 2.55648111294
10 15 3.69745418369
10 16 4.7093667827
10 17 3.39915918653
11 0 1.87124549121
11 1 3.05396137673
11 2 3.60010179947
11 3 4.08187619157
11 4 3.42416826624
11 5 0.97453598632
11 6 3.57316433954
11 7 3.59765278439
11 8 2.35146829542
11 9 3.07484249063
11 10 2.25965362091
11 11 0.0
11 12 2.76636630826
11 13 2.49576475939
11 14 1.54137292038
11 15 3.94181501095
11 16 4.39041281292
11 17 4.43939774732
12 0 1.88676699169
12 1 3.10060147252
12 2 3.45637272419
12 3 4.25062481854
12 4 0.973295758931
12 5 3.42747266045
12 6 3.71777517664
12 7 3.61933084735
12 8 2.27461766706
12 9 2.31585233889
12 10 3.07050256149
12 11 2.76636630826
12 12 0.0
12 13 2.59062017215
12 14 3.8830993905
12 15 1.5408214883
12 16 3.66860863137
12 17 5.05595490327
13 0 0.961554000762
13 1 4.73369365618
13 2 3.09917938247
13 3 5.02396610794
13 4 3.56043722291
13 5 3.46822879762
13 6 4.83381736138
13 7 3.74101757946
13 8 1.55490499088
13 9 4.34504828544
13 10 4.29198638424
13 11 2.49576475939
13 12 2.59062017215
13 13 0.0
13 14 3.8248060216
13 15 3.98163713601
13 16 3.582569144
13 17 5.62817494399
14 0 3.32755515612
14 1 3.51379482183
14 2 5.0751162378
14 3 5.06612463639
14 4 4.35908503377
14 5 0.960695903735
14 6 4.41504557398
14 7 4.94053682688
14 8 3.89228380555
14 9 3.71567353531
14 10 2.55648111294
14 11 1.54137292038
14 12 3.8830993905
14 13 3.8248060216
14 14 0.0
14 15 4.67750533091
14 16 5.88612338818
14 17 5.24284867275
15 0 3.37822074681
15 1 3.5333159304
15 2 4.85150449844
15 3 5.20665324996
15 4 0.960732870805
15 5 4.39709903867
15 6 4.53191201804
15 7 4.89848628193
15 8 3.81002615643
15 9 2.58761180854
15 10 3.69745418369
15 11 3.94181501095
15 12 1.5408214883
15 13 3.98163713601
15 14 4.67750533091
15 15 0.0
15 16 4.92169758552
15 17 6.02507599766
16 0 3.20547899892
16 1 4.53542695239
16 2 0.961479933345
16 3 3.04862712173
16 4 4.06153593853
16 5 5.03784096801
16 6 3.4996019306
16 7 1.54190440755
16 8 2.25994320023
16 9 4.30572561844
16 10 4.7093667827
16 11 4.39041281292
16 12 3.66860863137
16 13 3.582569144
16 14 5.88612338818
16 15 4.92169758552
16 16 0.0
16 17 3.78373811544
17 0 4.84130580557
17 1 3.13504864453
17 2 3.31419724507
17 3 0.960616293968
17 4 5.10429408409
17 5 4.31483103892
17 6 1.55288460955
17 7 2.34598277899
17 8 4.17865532863
17 9 3.75596807529
17 10 3.39915918653
17 11 4.43939774732
17 12 5.05595490327
17 13 5.62817494399
17 14 5.24284867275
17 15 6.02507599766
17 16 3.78373811544
17 17 0.0
04-Cyclic-Chair.xyz
0.960570543403 0.983323059572 105.024304138
0.983322403813 0.960570168451 105.024334821
0.960570168451 0.983322403813 105.024334821
0.983323059572 0.960570543403 105.024304138
0.960570245388 0.983324024799 105.024268327
0.960570245388 0.983324024799 105.024268327
0 0 0.0
0 1 0.960570543403
0 2 0.983323059572
0 3 4.67055673976
0 4 4.76638144609
0 5 5.25873830669
0 6 2.71094202296
0 7 3.09031464818
0 8 1.72777865121
0 9 5.400306114
0 10 4.97359939566
0 11 6.0234279506
0 12 4.67055673976
0 13 5.1432449262
0 14 3.85335900047
0 15 2.71094202296
0 16 3.27893349584
0 17 3.29472891609
1 0 0.960570543403
1 1 0.0
1 2 1.54250758641
1 3 5.14324560003
1 4 5.31692862839
1 5 5.59925975002
1 6 3.27893359631
1 7 3.72743039839
1 8 2.33986218352
1 9 6.0234279506
1 10 5.60047850223
1 11 6.72647411093
1 12 5.2587389854
1 13 5.59925975512
1 14 4.4523579775
1 15 3.09031472745
1 16 3.72743039584
1 17 3.73111197597
2 0 0.983323059572
2 1 1.54250758641
2 2 0.0
2 3 3.85335977594
2 4 4.08422798401
2 5 4.45235809354
2 6 3.29472827583
2 7 3.73111105075
2 8 2.35860170334
2 9 4.97359939566
2 10 4.71634649397
2 11 5.60047850223
2 12 4.76638219181
2 13 5.31692873231
2 14 4.08422818859
2 15 1.72777798804
2 16 2.33986135482
2 17 2.35860199773
3 0 4.67055673976
3 1 5.14324560003
3 2 3.85335977594
3 3 0.0
3 4 0.983322403813
3 5 0.960570168451
3 6 5.4003062596
3 7 6.02342750772
3 8 4.97359919914
3 9 2.71094202296
3 10 3.29472827583
3 11 3.27893359631
3 12 4.670556
3 13 5.2587378283
3 14 4.76638192679
3 15 2.71094344248
3 16 3.09031559563
3 17 1.72777843813
4 0 4.76638144609
4 1 5.31692862839
4 2 4.08422798401
4 3 0.983322403813
4 4 0.0
4 5 1.54250708378
4 6 4.97359919914
4 7 5.60047766997
4 8 4.71634563932
4 9 1.72777865121
4 10 2.35860170334
4 11 2.33986218352
4 12 3.85335903447
4 13 4.45235771278
4 14 4.08422843591
4 15 3.2947285313
4 16 3.73111097005
4 17 2.35860071497
5 0 5.25873830669
5 1 5.59925975002
5 2 4.45235809354
5 3 0.960570168451
5 4 1.54250708378
5 5 0.0
5 6 6.02342750772
5 7 6.72647309376
5 8 5.60047766997
5 9 3.09031464818
5 10 3.73111105075
5 11 3.72743039839
5 12 5.14324440257
5 13 5.59925883866
5 14 5.31692864416
5 15 3.27893443128
5 16 3.72743085473
5 17 2.33986133949
6 0 2.71094202296
6 1 3.27893359631
6 2 3.29472827583
6 3 5.4003062596
6 4 4.97359919914
6 5 6.02342750772
6 6 0.0
6 7 0.960570168451
6 8 0.983322403813
6 9 4.67055673976
6 10 3.85335977594
6 11 5.14324560003
6 12 2.71094344248
6 13 3.09031559563
6 14 1.72777843813
6 15 4.670556
6 16 5.2587378283
6 17 4.76638192679
7 0 3.09031464818
7 1 3.72743039839
7 2 3.73111105075
7 3 6.02342750772
7 4 5.60047766997
7 5 6.72647309376
7 6 0.960570168451
7 7 0.0
7 8 1.54250708378
7 9 5.25873830669
7 10 4.45235809354
7 11 5.59925975002
7 12 3.27893443128
7 13 3.72743085473
7 14 2.33986133949
7 15 5.14324440257
7 16 5.59925883866
7 17 5.31692864416
8 0 1.72777865121
8 1 2.33986218352
8 2 2.35860170334
8 3 4.97359919914
8 4 4.71634563932
8 5 5.60047766997
8 6 0.983322403813
8 7 1.54250708378
8 8 0.0
8 9 4.76638144609
8 10 4.08422798401
8 11 5.31692862839
8 12 3.2947285313
8 13 3.73111097005
8 14 2.35860071497
8 15 3.85335903447
8 16 4.45235771278
8 17 4.08422843591
9 0 5.400306114
9 1 6.0234279506
9 2 4.97359939566
9 3 2.71094202296
9 4 1.72777865121
9 5 3.09031464818
9 6 4.67055673976
9 7 5.25873830669
9 8 4.76638144609
9 9 0.0
9 10 0.983323059572
9 11 0.960570543403
9 12 2.71094202296
9 13 3.27893349584
9 14 3.29472891609
9 15 4.67055673976
9 16 5.1432449262
9 17 3.85335900047
10 0 4.97359939566
10 1 5.60047850223
10 2 4.71634649397
10 3 3.29472827583
10 4 2.35860170334
10 5 3.73111105075
10 6 3.85335977594
10 7 4.45235809354
10 8 4.08422798401
10 9 0.983323059572
10 10 0.0
10 11 1.54250758641
10 12 1.72777798804
10 13 2.33986135482
10 14 2.35860199773
10 15 4.76638219181
10 16 5.31692873231
10 17 4.08422818859
11 0 6.0234279506
11 1 6.72647411093
11 2 5.60047850223
11 3 3.27893359631
11 4 2.33986218352
11 5 3.72743039839
11 6 5.14324560003
11 7 5.59925975002
11 8 5.31692862839
11 9 0.960570543403
11 10 1.54250758641
11 11 0.0
11 12 3.09031472745
11 13 3.72743039584
11 14 3.73111197597
11 15 5.2587389854
11 16 5.59925975512
11 17 4.4523579775
12 0 4.67055673976
12 1 5.2587389854
12 2 4.76638219181
12 3 4.670556
12 4 3.85335903447
12 5 5.14324440257
12 6 2.71094344248
12 7 3.27893443128
12 8 3.2947285313
12 9 2.71094202296
12 10 1.72777798804
12 11 3.09031472745
12 12 0.0
12 13 0.960570245388
12 14 0.983324024799
12 15 5.4003062596
12 16 6.02342749861
12 17 4.97359918626
13 0 5.1432449262
13 1 5.59925975512
13 2 5.31692873231
13 3 5.2587378283
13 4 4.45235771278
13 5 5.59925883866
13 6 3.09031559563
13 7 3.72743085473
13 8 3.73111097005
13 9 3.27893349584
13 10 2.33986135482
13 11 3.72743039584
13 12 0.960570245388
13 13 0.0
13 14 1.54250775307
13 15 6.02342749861
13 16 6.72647309942
13 17 5.6004777622
14 0 3.85335900047
14 1 4.4523579775
14 2 4.08422818859
14 3 4.76638192679
14 4 4.08422843591
14 5 5.31692864416
14 6 1.72777843813
14 7 2.33986133949
14 8 2.35860071497
14 9 3.29472891609
14 10 2.35860199773
14 11 3.73111197597
14 12 0.983324024799
14 13 1.54250775307
14 14 0.0
14 15 4.97359918626
14 16 5.6004777622
14 17 4.71634628809
15 0 2.71094202296
15 1 3.09031472745
15 2 1.72777798804
15 3 2.71094344248
15 4 3.2947285313
15 5 3.27893443128
15 6 4.670556
15 7 5.14324440257
15 8 3.85335903447
15 9 4.67055673976
15 10 4.76638219181
15 11 5.2587389854
15 12 5.4003062596
15 13 6.02342749861
15 14 4.97359918626
15 15 0.0
15 16 0.960570245388
15 17 0.983324024799
16 0 3.27893349584
16 1 3.72743039584
16 2 2.33986135482
16 3 3.09031559563
16 4 3.73111097005
16 5 3.72743085473
16 6 5.2587378283
16 7 5.59925883866
16 8 4.45235771278
16 9 5.1432449262
16 10 5.31692873231
16 11 5.59925975512
16 12 6.02342749861
16 13 6.72647309942
16 14 5.6004777622
16 15 0.960570245388
16 16 0.0
16 17 1.54250775307
17 0 3.29472891609
17 1 3.73111197597
17 2 2.35860199773
17 3 1.72777843813
17 4 2.35860071497
17 5 2.33986133949
17 6 4.76638192679
17 7 5.31692864416
17 8 4.08422843591
17 9 3.85335900047
17 10 4.08422818859
17 11 4.4523579775
17 12 4.97359918626
17 13 5.6004777622
17 14 4.71634628809
17 15 0.983324024799
17 16 1.54250775307
17 17 0.0
05-Book-1.xyz
0.988406593489 0.961474809807 105.693249402
0.96935380165 0.976901334867 103.710644277
0.976811607064 0.960849238728 105.377091234
0.977756558635 0.960959767184 105.130014489
0.986832165392 0.960925542442 105.309052098
0.987795887127 0.960732600855 105.443942391
0 0 0.0
0 1 0.988406593489
0 2 0.961474809807
0 3 2.92534822573
0 4 1.99613562672
0 5 3.26221167252
0 6 2.77836905633
0 7 1.81354562423
0 8 3.2550460683
0 9 4.14105112865
0 10 3.59251261934
0 11 4.7753700671
0 12 2.68161641417
0 13 3.04535710493
0 14 3.30953426859
0 15 3.95189146219
0 16 3.48700412961
0 17 4.63235206958
1 0 0.988406593489
1 1 0.0
1 2 1.55418280878
1 3 3.10635355277
1 4 2.31870966392
1 5 3.56301396167
1 6 3.39104615747
1 7 2.45785109372
1 8 3.68884036224
1 9 4.58171788072
1 10 4.10724227204
1 11 5.33307704773
1 12 1.70099929952
1 13 2.18102199053
1 14 2.34877694395
1 15 3.37589520928
1 16 3.14243149613
1 17 4.07956316156
2 0 0.961474809807
2 1 1.55418280878
2 2 0.0
2 3 3.59880117237
2 4 2.6372391404
2 5 4.02130341936
2 6 3.40182570251
2 7 2.45622850133
2 8 3.8737644683
2 9 4.93607662227
2 10 4.36782110761
2 11 5.47561249714
2 12 3.12137800993
2 13 3.60972931729
2 14 3.79913824698
2 15 4.62596190449
2 16 4.1986162302
2 17 5.20059401372
3 0 2.92534822573
3 1 3.10635355277
3 2 3.59880117237
3 3 0.0
3 4 0.96935380165
3 5 0.976901334867
3 6 3.82001656879
3 7 3.38207755074
3 8 4.5404220117
3 9 2.79554495305
3 10 3.04000053384
3 11 3.39565966198
3 12 3.81109221902
3 13 3.29935444889
3 14 4.48878700835
3 15 2.68769741142
3 16 1.71420113544
3 17 3.1358631494
4 0 1.99613562672
4 1 2.31870966392
4 2 2.6372391404
4 3 0.96935380165
4 4 0.0
4 5 1.53064652199
4 6 3.28582738542
4 7 2.67692923228
4 8 4.01823613295
4 9 3.04319677479
4 10 2.97759127534
4 11 3.64782141182
4 12 3.35283985969
4 13 3.07971265038
4 14 4.08330593129
4 15 3.00311819366
4 16 2.16274170554
4 17 3.54375838757
5 0 3.26221167252
5 1 3.56301396167
5 2 4.02130341936
5 3 0.976901334867
5 4 1.53064652199
5 5 0.0
5 6 3.35757007011
5 7 3.16626842879
5 8 4.0876608677
5 9 1.83581963329
5 10 2.2184132015
5 11 2.45353864
5 12 4.38113743408
5 13 3.91603094909
5 14 4.93206929646
5 15 3.29074299008
5 16 2.34241219353
5 17 3.83671075526
6 0 2.77836905633
6 1 3.39104615747
6 2 3.40182570251
6 3 3.82001656879
6 4 3.28582738542
6 5 3.35757007011
6 6 0.0
6 7 0.976811607064
6 8 0.960849238728
6 9 2.77048710342
6 10 1.80834658429
6 11 3.22482226043
6 12 4.75290320433
6 13 4.95671900191
6 14 4.97943503141
6 15 5.42161276834
6 16 4.78787771417
6 17 6.26307498659
7 0 1.81354562423
7 1 2.45785109372
7 2 2.45622850133
7 3 3.38207755074
7 4 2.67692923228
7 5 3.16626842879
7 6 0.976811607064
7 7 0.0
7 8 1.54115341716
7 9 3.14481415332
7 10 2.30456659865
7 11 3.7085934153
7 12 3.92557981849
7 13 4.2012850302
7 14 4.24467474286
7 15 4.8384704843
7 16 4.25058448059
7 17 5.65748367255
8 0 3.2550460683
8 1 3.68884036224
8 2 3.8737644683
8 3 4.5404220117
8 4 4.01823613295
8 5 4.0876608677
8 6 0.960849238728
8 7 1.54115341716
8 8 0.0
8 9 3.39056362142
8 10 2.44171142519
8 11 3.89864224673
8 12 4.87294228886
8 13 5.16764395259
8 14 4.91820216564
8 15 5.77892406598
8 16 5.26930679858
8 17 6.67817394366
9 0 4.14105112865
9 1 4.58171788072
9 2 4.93607662227
9 3 2.79554495305
9 4 3.04319677479
9 5 1.83581963329
9 6 2.77048710342
9 7 3.14481415332
9 8 3.39056362142
9 9 0.0
9 10 0.977756558635
9 11 0.960959767184
9 12 5.54469508721
9 13 5.22498972298
9 14 5.8839124428
9 15 4.75947447767
9 16 3.92941440031
9 17 5.42941086305
10 0 3.59251261934
10 1 4.10724227204
10 2 4.36782110761
10 3 3.04000053384
10 4 2.97759127534
10 5 2.2184132015
10 6 1.80834658429
10 7 2.30456659865
10 8 2.44171142519
10 9 0.977756558635
10 10 0.0
10 11 1.53945900268
10 12 5.22914178649
10 13 5.08140400226
10 14 5.52695331368
10 15 4.94560379744
10 16 4.16622129996
10 17 5.7057495326
11 0 4.7753700671
11 1 5.33307704773
11 2 5.47561249714
11 3 3.39565966198
11 4 3.64782141182
11 5 2.45353864
11 6 3.22482226043
11 7 3.7085934153
11 8 3.89864224673
11 9 0.960959767184
11 10 1.53945900268
11 11 0.0
11 12 6.40948322066
11 13 6.101351571
11 14 6.79249500764
11 15 5.58851333427
11 16 4.70765532997
11 17 6.18973626447
12 0 2.68161641417
12 1 1.70099929952
12 2 3.12137800993
12 3 3.81109221902
12 4 3.35283985969
12 5 4.38113743408
12 6 4.75290320433
12 7 3.92557981849
12 8 4.87294228886
12 9 5.54469508721
12 10 5.22914178649
12 11 6.40948322066
12 12 0.0
12 13 0.986832165392
12 14 0.960925542442
12 15 2.68822000073
12 16 2.98925226793
12 17 3.33056514253
13 0 3.04535710493
13 1 2.18102199053
13 2 3.60972931729
13 3 3.29935444889
13 4 3.07971265038
13 5 3.91603094909
13 6 4.95671900191
13 7 4.2012850302
13 8 5.16764395259
13 9 5.22498972298
13 10 5.08140400226
13 11 6.101351571
13 12 0.986832165392
13 13 0.0
13 14 1.54853207937
13 15 1.71458186246
13 16 2.15149097954
13 17 2.36997866068
14 0 3.30953426859
14 1 2.34877694395
14 2 3.79913824698
14 3 4.48878700835
14 4 4.08330593129
14 5 4.93206929646
14 6 4.97943503141
14 7 4.24467474286
14 8 4.91820216564
14 9 5.8839124428
14 10 5.52695331368
14 11 6.79249500764
14 12 0.960925542442
14 13 1.54853207937
14 14 0.0
14 15 3.13222030354
14 16 3.5598516847
14 17 3.83285084034
15 0 3.95189146219
15 1 3.37589520928
15 2 4.62596190449
15 3 2.68769741142
15 4 3.00311819366
15 5 3.29074299008
15 6 5.42161276834
15 7 4.8384704843
15 8 5.77892406598
15 9 4.75947447767
15 10 4.94560379744
15 11 5.58851333427
15 12 2.68822000073
15 13 1.71458186246
15 14 3.13222030354
15 15 0.0
15 16 0.987795887127
15 17 0.960732600855
16 0 3.48700412961
16 1 3.14243149613
16 2 4.1986162302
16 3 1.71420113544
16 4 2.16274170554
16 5 2.34241219353
16 6 4.78787771417
16 7 4.25058448059
16 8 5.26930679858
16 9 3.92941440031
16 10 4.16622129996
16 11 4.70765532997
16 12 2.98925226793
16 13 2.15149097954
16 14 3.5598516847
16 15 0.987795887127
16 16 0.0
16 17 1.5505420669
17 0 4.63235206958
17 1 4.07956316156
17 2 5.20059401372
17 3 3.1358631494
17 4 3.54375838757
17 5 3.83671075526
17 6 6.26307498659
17 7 5.65748367255
17 8 6.67817394366
17 9 5.42941086305
17 10 5.7057495326
17 11 6.18973626447
17 12 3.33056514253
17 13 2.36997866068
17 14 3.83285084034
17 15 0.960732600855
17 16 1.5505420669
17 17 0.0
06-Book-2.xyz
2.76055839628 4.11800951131 42.2425884159
2.68771357532 3.85434467294 44.4629914813
1.541510106 5.29549353492 56.5125343808
2.16862776777 2.27276278476 40.1971597057
1.54833864752 5.24004593985 56.4159610698
2.37044123198 2.45785019202 37.6123467276
0 0 0.0
0 1 2.76055839628
0 2 4.11800951131
0 3 5.33552491148
0 4 4.47212905822
0 5 2.79376891355
0 6 0.960891622493
0 7 0.97863791037
0 8 4.39949040296
0 9 3.71509218408
0 10 3.06990500457
0 11 1.83336817103
0 12 6.25209469095
0 13 4.94851591637
0 14 3.35791358339
0 15 3.12191732064
0 16 4.54340804215
0 17 4.92978488431
1 0 2.76055839628
1 1 0.0
1 2 2.78336124796
1 3 4.394686588
1 4 5.06429149848
1 5 3.8359730258
1 6 3.22178910103
1 7 1.79713699588
1 8 5.25780423016
1 9 4.53773744553
1 10 3.3507558894
1 11 3.35329722026
1 12 5.30626078408
1 13 4.54793101135
1 14 0.961172310588
1 15 0.977063888325
1 16 3.29117804338
1 17 3.41277786667
2 0 4.11800951131
2 1 2.78336124796
2 2 0.0
2 3 2.68304633715
2 4 3.91753776074
2 5 2.9240503724
2 6 4.75480069407
2 7 3.57415553596
2 8 4.58535049054
2 9 3.45502243168
2 10 2.00151861033
2 11 3.23491659629
2 12 3.35220842627
2 13 3.02550538698
2 14 3.2313799892
2 15 1.81628528946
2 16 0.987666176702
2 17 0.96124941308
3 0 5.33552491148
3 1 4.394686588
3 2 2.68304633715
3 3 0.0
3 4 2.68771357532
3 5 3.85434467294
3 6 6.22657269641
3 7 4.95689637812
3 8 3.31368335387
3 9 2.99903187182
3 10 3.40392828052
3 11 4.3417382399
3 12 0.960923967047
3 13 0.987303125687
3 14 4.33953727115
3 15 3.65031110312
3 16 1.71136399631
3 17 3.20165700138
4 0 4.47212905822
4 1 5.06429149848
4 2 3.91753776074
4 3 2.68771357532
4 4 0.0
4 5 2.70050794079
4 6 5.36207213997
4 7 4.61381775457
4 8 0.960910284066
4 9 0.988108092325
4 10 3.01544855797
4 11 3.20781864557
4 12 3.13451013417
4 13 1.71240719496
4 14 5.24496596188
4 15 4.57013805261
4 16 3.37043929691
4 17 4.6900558578
5 0 2.79376891355
5 1 3.8359730258
5 2 2.9240503724
5 3 3.85434467294
5 4 2.70050794079
5 5 0.0
5 6 3.43059748015
5 7 3.04743514563
5 8 3.16582200279
5 9 1.72496083948
5 10 0.969248012598
5 11 0.976825240988
5 12 4.54251201016
5 13 3.33058916399
5 14 4.48111270831
5 15 3.38651229163
5 16 3.14025653198
5 17 3.64359209514
6 0 0.960891622493
6 1 3.22178910103
6 2 4.75480069407
6 3 6.22657269641
6 4 5.36207213997
6 5 3.43059748015
6 6 0.0
6 7 1.541510106
6 8 5.29549353492
6 9 4.55443457941
6 10 3.69863697252
6 11 2.47122783532
6 12 7.13807588012
6 13 5.86747945547
6 14 3.88813901647
6 15 3.6861686835
6 16 5.3013801217
6 17 5.47561100652
7 0 0.97863791037
7 1 1.79713699588
7 2 3.57415553596
7 3 4.95689637812
7 4 4.61381775457
7 5 3.04743514563
7 6 1.541510106
7 7 0.0
7 8 4.6271479106
7 9 3.92382395454
7 10 3.02243068139
7 11 2.21781526388
7 12 5.89958875895
7 13 4.74032536356
7 14 2.41605627379
7 15 2.28217759443
7 16 4.04573530683
7 17 4.3624148126
8 0 4.39949040296
8 1 5.25780423016
8 2 4.58535049054
8 3 3.31368335387
8 4 0.960910284066
8 5 3.16582200279
8 6 5.29549353492
8 7 4.6271479106
8 8 0.0
8 9 1.55044395697
8 10 3.62385552263
8 11 3.43565377987
8 12 3.81058832833
8 13 2.35446946047
8 14 5.35690726307
8 15 4.92457045302
8 16 4.07114014533
8 17 5.42962711531
9 0 3.71509218408
9 1 4.53773744553
9 2 3.45502243168
9 3 2.99903187182
9 4 0.988108092325
9 5 1.72496083948
9 6 4.55443457941
9 7 3.92382395454
9 8 1.55044395697
9 9 0.0
9 10 2.16862776777
9 11 2.27276278476
9 12 3.58334191262
9 13 2.15609612349
9 14 4.8801792613
9 15 4.05680530031
9 16 3.14373136709
9 17 4.25111656277
10 0 3.06990500457
10 1 3.3507558894
10 2 2.00151861033
10 3 3.40392828052
10 4 3.01544855797
10 5 0.969248012598
10 6 3.69863697252
10 7 3.02243068139
10 8 3.62385552263
10 9 2.16862776777
10 10 0.0
10 11 1.52935341197
10 12 4.09932220068
10 13 3.11776709555
10 14 4.01893224881
10 15 2.72259380555
10 16 2.35472715786
10 17 2.67998893481
11 0 1.83336817103
11 1 3.35329722026
11 2 3.23491659629
11 3 4.3417382399
11 4 3.20781864557
11 5 0.976825240988
11 6 2.47122783532
11 7 2.21781526388
11 8 3.43565377987
11 9 2.27276278476
11 10 1.52935341197
11 11 0.0
11 12 5.13943759197
11 13 3.84435283975
11 14 4.03008696251
11 15 3.14561949867
11 16 3.56707063416
11 17 4.02329059139
12 0 6.25209469095
12 1 5.30626078408
12 2 3.35220842627
12 3 0.960923967047
12 4 3.13451013417
12 5 4.54251201016
12 6 7.13807588012
12 7 5.89958875895
12 8 3.81058832833
12 9 3.58334191262
12 10 4.09932220068
12 11 5.13943759197
12 12 0.0
12 13 1.54833864752
12 14 5.24004593985
12 15 4.52048704951
12 16 2.3750428905
12 17 3.67307304383
13 0 4.94851591637
13 1 4.54793101135
13 2 3.02550538698
13 3 0.987303125687
13 4 1.71240719496
13 5 3.33058916399
13 6 5.86747945547
13 7 4.74032536356
13 8 2.35446946047
13 9 2.15609612349
13 10 3.11776709555
13 11 3.84435283975
13 12 1.54833864752
13 13 0.0
13 14 4.56940515633
13 15 3.88748338202
13 16 2.18048079096
13 17 3.69187931707
14 0 3.35791358339
14 1 0.961172310588
14 2 3.2313799892
14 3 4.33953727115
14 4 5.24496596188
14 5 4.48111270831
14 6 3.88813901647
14 7 2.41605627379
14 8 5.35690726307
14 9 4.8801792613
14 10 4.01893224881
14 11 4.03008696251
14 12 5.24004593985
14 13 4.56940515633
14 14 0.0
14 15 1.53818427392
14 16 3.51502623954
14 17 3.85960312448
15 0 3.12191732064
15 1 0.977063888325
15 2 1.81628528946
15 3 3.65031110312
15 4 4.57013805261
15 5 3.38651229163
15 6 3.6861686835
15 7 2.28217759443
15 8 4.92457045302
15 9 4.05680530031
15 10 2.72259380555
15 11 3.14561949867
15 12 4.52048704951
15 13 3.88748338202
15 14 1.53818427392
15 15 0.0
15 16 2.37044123198
15 17 2.45785019202
16 0 4.54340804215
16 1 3.29117804338
16 2 0.987666176702
16 3 1.71136399631
16 4 3.37043929691
16 5 3.14025653198
16 6 5.3013801217
16 7 4.04573530683
16 8 4.07114014533
16 9 3.14373136709
16 10 2.35472715786
16 11 3.56707063416
16 12 2.3750428905
16 13 2.18048079096
16 14 3.51502623954
16 15 2.37044123198
16 16 0.0
16 17 1.55868289807
17 0 4.92978488431
17 1 3.41277786667
17 2 0.96124941308
17 3 3.20165700138
17 4 4.6900558578
17 5 3.64359209514
17 6 5.47561100652
17 7 4.3624148126
17 8 5.42962711531
17 9 4.25111656277
17 10 2.67998893481
17 11 4.02329059139
17 12 3.67307304383
17 13 3.69187931707
17 14 3.85960312448
17 15 2.45785019202
17 16 1.55868289807
17 17 0.0
07-Cyclic-Boat-1.xyz
2.71409021089 4.55221269213 33.0736757794
2.71705312713 2.71407694096 113.887648751
2.33023168251 4.01912566383 31.7243690399
2.37706075258 1.54493548896 140.875406554
5.76778343383 3.81208664133 75.8161527203
3.79214833613 4.60226590858 113.386957373
0 0 0.0
0 1 2.71409021089
0 2 4.55221269213
0 3 4.51677616014
0 4 2.71660629374
0 5 5.20840358132
0 6 3.24570443621
0 7 4.64968635175
0 8 4.8050384674
0 9 1.7362818872
0 10 0.983257099344
0 11 3.14994407624
0 12 4.94853354313
0 13 4.78986032037
0 14 3.28698608753
0 15 3.74668634083
0 16 6.12043400288
0 17 0.960249697006
1 0 2.71409021089
1 1 0.0
1 2 2.71707649685
1 3 5.32801125717
1 4 4.65071008932
1 5 4.51706375083
1 6 0.98316503751
1 7 3.25628354847
1 8 4.65708441701
1 9 3.85426151065
1 10 1.73110755379
1 11 4.98661364416
1 12 3.27647863584
1 13 5.76133971112
1 14 0.960797168082
1 15 4.93274346603
1 16 5.42126327008
1 17 3.1154025315
2 0 4.55221269213
2 1 2.71707649685
2 2 0.0
2 3 4.65086751301
2 4 5.08461109475
2 5 2.71665712613
2 6 1.73399900429
2 7 0.982285557921
2 8 3.30373707687
2 9 4.73651816087
2 10 3.77737475989
2 11 5.27420964629
2 12 0.960476400538
2 13 5.32565188929
2 14 3.10588147777
2 15 4.64011770789
2 16 3.35632690482
2 17 5.2203207098
3 0 4.51677616014
3 1 5.32801125717
3 2 4.65086751301
3 3 0.0
3 4 2.71705312713
3 5 2.71407694096
3 6 4.93276939747
3 7 3.85448426099
3 8 1.73109794902
3 9 3.25617198223
3 10 4.65700173819
3 11 3.27644602647
3 12 4.98695632444
3 13 0.960795996417
3 14 5.76146176881
3 15 0.983168409461
3 16 3.1152978671
3 17 5.42090364337
4 0 2.71660629374
4 1 4.65071008932
4 2 5.08461109475
4 3 2.71705312713
4 4 0.0
4 5 4.55202686417
4 6 4.63995845594
4 7 4.73658818732
4 8 3.77719877168
4 9 0.982294996645
4 10 3.30366870763
4 11 0.960477283224
4 12 5.27440457768
4 13 3.1059230356
4 14 5.32562159021
4 15 1.73397246115
4 16 5.22003199539
4 17 3.35606575249
5 0 5.20840358132
5 1 4.51706375083
5 2 2.71665712613
5 3 2.71407694096
5 4 4.55202686417
5 5 0.0
5 6 3.74692215492
5 7 1.73633268217
5 8 0.983254358225
5 9 4.64951197794
5 10 4.80522740558
5 11 4.94806886159
5 12 3.14984039258
5 13 3.28706967296
5 14 4.7903652246
5 15 3.24565601525
5 16 0.960246695041
5 17 6.12045455256
6 0 3.24570443621
6 1 0.98316503751
6 2 1.73399900429
6 3 4.93276939747
6 4 4.63995845594
6 5 3.74692215492
6 6 0.0
6 7 2.33023168251
6 8 4.01912566383
6 9 3.99448746182
6 10 2.32298671479
6 11 4.92927414798
6 12 2.33899073121
6 13 5.46357955311
6 14 1.54083274726
6 15 4.65849019273
6 16 4.6026087491
6 17 3.79229335683
7 0 4.64968635175
7 1 3.25628354847
7 2 0.982285557921
7 3 3.85448426099
7 4 4.73658818732
7 5 1.73633268217
7 6 2.33023168251
7 7 0.0
7 8 2.37718444463
7 9 4.54167410036
7 10 4.00204237663
7 11 4.99762312145
7 12 1.54491528896
7 13 4.52477328862
7 14 3.61022154667
7 15 3.99471493198
7 16 2.40015853122
7 17 5.43619887344
8 0 4.8050384674
8 1 4.65708441701
8 2 3.30373707687
8 3 1.73109794902
8 4 3.77719877168
8 5 0.983254358225
8 6 4.01912566383
8 7 2.37718444463
8 8 0.0
8 9 4.00182575013
8 10 4.58012746247
8 11 4.23224840859
8 12 3.70620456251
8 13 2.34429359511
8 14 5.00292422061
8 15 2.32293007823
8 16 1.54590671914
8 17 5.74101550027
9 0 1.7362818872
9 1 3.85426151065
9 2 4.73651816087
9 3 3.25617198223
9 4 0.982294996645
9 5 4.64951197794
9 6 3.99448746182
9 7 4.54167410036
9 8 4.00182575013
9 9 0.0
9 10 2.37706075258
9 11 1.54493548896
9 12 4.99775968184
9 13 3.61010099046
9 14 4.52465481851
9 15 2.33013213001
9 16 5.43595434658
9 17 2.39991207326
10 0 0.983257099344
10 1 1.73110755379
10 2 3.77737475989
10 3 4.65700173819
10 4 3.30366870763
10 5 4.80522740558
10 6 2.32298671479
10 7 4.00204237663
10 8 4.58012746247
10 9 2.37706075258
10 10 0.0
10 11 3.70609887429
10 12 4.23260569206
10 13 5.00267450491
10 14 2.34424732037
10 15 4.01905561204
10 16 5.74121157162
10 17 1.54590539546
11 0 3.14994407624
11 1 4.98661364416
11 2 5.27420964629
11 3 3.27644602647
11 4 0.960477283224
11 5 4.94806886159
11 6 4.92927414798
11 7 4.99762312145
11 8 4.23224840859
11 9 1.54493548896
11 10 3.70609887429
11 11 0.0
11 12 5.29183262317
11 13 3.81216432499
11 14 5.76755805648
11 15 2.33897840284
11 16 5.54561140743
11 17 3.62900723672
12 0 4.94853354313
12 1 3.27647863584
12 2 0.960476400538
12 3 4.98695632444
12 4 5.27440457768
12 5 3.14984039258
12 6 2.33899073121
12 7 1.54491528896
12 8 3.70620456251
12 9 4.99775968184
12 10 4.23260569206
12 11 5.29183262317
12 12 0.0
12 13 5.76778343383
12 14 3.81208664133
12 15 4.92963758425
12 16 3.62909468173
12 17 5.54617280211
13 0 4.78986032037
13 1 5.76133971112
13 2 5.32565188929
13 3 0.960795996417
13 4 3.1059230356
13 5 3.28706967296
13 6 5.46357955311
13 7 4.52477328862
13 8 2.34429359511
13 9 3.61010099046
13 10 5.00267450491
13 11 3.81216432499
13 12 5.76778343383
13 13 0.0
13 14 6.0847399136
13 15 1.5408382582
13 16 3.67232296649
13 17 5.68973842922
14 0 3.28698608753
14 1 0.960797168082
14 2 3.10588147777
14 3 5.76146176881
14 4 5.32562159021
14 5 4.7903652246
14 6 1.54083274726
14 7 3.61022154667
14 8 5.00292422061
14 9 4.52465481851
14 10 2.34424732037
14 11 5.76755805648
14 12 3.81208664133
14 13 6.0847399136
14 14 0.0
14 15 5.46367249578
14 16 5.69032155221
14 17 3.67231707817
15 0 3.74668634083
15 1 4.93274346603
15 2 4.64011770789
15 3 0.983168409461
15 4 1.73397246115
15 5 3.24565601525
15 6 4.65849019273
15 7 3.99471493198
15 8 2.32293007823
15 9 2.33013213001
15 10 4.01905561204
15 11 2.33897840284
15 12 4.92963758425
15 13 1.5408382582
15 14 5.46367249578
15 15 0.0
15 16 3.79214833613
15 17 4.60226590858
16 0 6.12043400288
16 1 5.42126327008
16 2 3.35632690482
16 3 3.1152978671
16 4 5.22003199539
16 5 0.960246695041
16 6 4.6026087491
16 7 2.40015853122
16 8 1.54590671914
16 9 5.43595434658
16 10 5.74121157162
16 11 5.54561140743
16 12 3.62909468173
16 13 3.67232296649
16 14 5.69032155221
16 15 3.79214833613
16 16 0.0
16 17 7.02967817551
17 0 0.960249697006
17 1 3.1154025315
17 2 5.2203207098
17 3 5.42090364337
17 4 3.35606575249
17 5 6.12045455256
17 6 3.79229335683
17 7 5.43619887344
17 8 5.74101550027
17 9 2.39991207326
17 10 1.54590539546
17 11 3.62900723672
17 12 5.54617280211
17 13 5.68973842922
17 14 3.67231707817
17 15 4.60226590858
17 16 7.02967817551
17 17 0.0
08-Cyclic-Boat-2.xyz
0.982523863859 0.960106291583 105.502866226
0.960556352492 0.983777847284 104.932506664
0.982048157201 0.960896254518 105.002242068
0.960106245215 0.982523436872 105.502926188
0.960556418814 0.983777848564 104.932515116
0.960896262048 0.982047849416 105.002208528
0 0 0.0
0 1 0.982523863859
0 2 0.960106291583
0 3 4.47535614834
0 4 4.79903616355
0 5 3.7172601742
0 6 2.71702451498
0 7 1.73600285704
0 8 3.1149519768
0 9 5.09471083558
0 10 6.03495327998
0 11 4.72093770376
0 12 2.72011746263
0 13 3.33222004789
0 14 3.24412513142
0 15 4.53597255959
0 16 4.86124896242
0 17 4.59793591965
1 0 0.982523863859
1 1 0.0
1 2 1.54642643399
1 3 4.48349438591
1 4 4.76102877394
1 5 3.89334912478
1 6 3.3009410671
1 7 2.37944104687
1 8 3.81230961909
1 9 4.72093036541
1 10 5.65771875466
1 11 4.46515818413
1 12 1.7381958933
1 13 2.38401623966
1 14 2.32680022493
1 15 3.77257011176
1 16 4.16687610404
1 17 3.96348991655
2 0 0.960106291583
2 1 1.54642643399
2 2 0.0
2 3 5.32594508095
2 4 5.56744385618
2 5 4.53586050878
2 6 3.36663528889
2 7 2.41172026901
2 8 3.7275726858
2 9 6.03495277978
2 10 6.97398376352
2 11 5.65772838553
2 12 3.13466345114
2 13 3.65064633754
2 14 3.83928164487
2 15 5.28778689783
2 16 5.59624834882
2 17 5.44917434646
3 0 4.47535614834
3 1 4.48349438591
3 2 5.32594508095
3 3 0.0
3 4 0.960556352492
3 5 0.983777847284
3 6 2.71635664279
3 7 3.22729195115
3 8 3.24485964803
3 9 2.72012067235
3 10 3.13466942233
3 11 1.73819954681
3 12 4.97050820211
3 13 5.15915178011
3 14 4.69604374256
3 15 4.66074610714
3 16 5.25273417964
3 17 3.87313083543
4 0 4.79903616355
4 1 4.76102877394
4 2 5.56744385618
4 3 0.960556352492
4 4 0.0
4 5 1.54191151676
4 6 3.10765070293
4 7 3.5980186385
4 8 3.79067666204
4 9 3.33223012462
4 10 3.65064666581
4 11 2.38402614783
4 12 5.15919478166
4 13 5.17660686773
4 14 4.97695476765
4 15 5.08402926164
4 16 5.78945339248
4 17 4.35700273349
5 0 3.7172601742
5 1 3.89334912478
5 2 4.53586050878
5 3 0.983777847284
5 4 1.54191151676
5 5 0.0
5 6 1.73274577881
5 7 2.30537829832
5 8 2.31002465717
5 9 3.24413403691
5 10 3.83929504913
5 11 2.32680917721
5 12 4.69603211637
5 13 4.9768995128
5 14 4.56812924153
5 15 4.8086147498
5 16 5.3471764223
5 17 4.13357513442
6 0 2.71702451498
6 1 3.3009410671
6 2 3.36663528889
6 3 2.71635664279
6 4 3.10765070293
6 5 1.73274577881
6 6 0.0
6 7 0.982048157201
6 8 0.960896254518
6 9 4.53599437657
6 10 5.2878133538
6 11 3.77258763449
6 12 4.66072422038
6 13 5.08396480834
6 14 4.80860606588
6 15 5.47110631136
6 16 5.88828959728
6 17 5.01749632455
7 0 1.73600285704
7 1 2.37944104687
7 2 2.41172026901
7 3 3.22729195115
7 4 3.5980186385
7 5 2.30537829832
7 6 0.982048157201
7 7 0.0
7 8 1.54151835829
7 9 4.59795225238
7 10 5.4491935217
7 11 3.96350625384
7 12 3.87311344029
7 13 4.35695180712
7 14 4.13356704004
7 15 5.01749083439
7 16 5.41508683783
7 17 4.72683789414
8 0 3.1149519768
8 1 3.81230961909
8 2 3.7275726858
8 3 3.24485964803
8 4 3.79067666204
8 5 2.31002465717
8 6 0.960896254518
8 7 1.54151835829
8 8 0.0
8 9 4.8613144113
8 10 5.59632005885
8 11 4.16692694476
8 12 5.25274239716
8 13 5.78941858996
8 14 5.34720138934
8 15 5.88832543407
8 16 6.17215678244
8 17 5.4151314546
9 0 5.09471083558
9 1 4.72093036541
9 2 6.03495277978
9 3 2.72012067235
9 4 3.33223012462
9 5 3.24413403691
9 6 4.53599437657
9 7 4.59795225238
9 8 4.8613144113
9 9 0.0
9 10 0.960106245215
9 11 0.982523436872
9 12 4.47534185608
9 13 4.79898269703
9 14 3.71725263841
9 15 2.71702576837
9 16 3.11495208665
9 17 1.73600429365
10 0 6.03495327998
10 1 5.65771875466
10 2 6.97398376352
10 3 3.13466942233
10 4 3.65064666581
10 5 3.83929504913
10 6 5.2878133538
10 7 5.4491935217
10 8 5.59632005885
10 9 0.960106245215
10 10 0.0
10 11 1.54642667035
10 12 5.32592350331
10 13 5.56738002473
10 14 4.53584679222
10 15 3.36663519469
10 16 3.72758233579
10 17 2.4117212645
11 0 4.72093770376
11 1 4.46515818413
11 2 5.65772838553
11 3 1.73819954681
11 4 2.38402614783
11 5 2.32680917721
11 6 3.77258763449
11 7 3.96350625384
11 8 4.16692694476
11 9 0.982523436872
11 10 1.54642667035
11 11 0.0
11 12 4.48348767711
11 13 4.76098000618
11 14 3.89335171083
11 15 3.30095409822
11 16 3.81230651512
11 17 2.37945247542
12 0 2.72011746263
12 1 1.7381958933
12 2 3.13466345114
12 3 4.97050820211
12 4 5.15919478166
12 5 4.69603211637
12 6 4.66072422038
12 7 3.87311344029
12 8 5.25274239716
12 9 4.47534185608
12 10 5.32592350331
12 11 4.48348767711
12 12 0.0
12 13 0.960556418814
12 14 0.983777848564
12 15 2.71635878262
12 16 3.24485526686
12 17 3.22728393435
13 0 3.33222004789
13 1 2.38401623966
13 2 3.65064633754
13 3 5.15915178011
13 4 5.17660686773
13 5 4.9768995128
13 6 5.08396480834
13 7 4.35695180712
13 8 5.78941858996
13 9 4.79898269703
13 10 5.56738002473
13 11 4.76098000618
13 12 0.960556418814
13 13 0.0
13 14 1.54191165736
13 15 3.10765655761
13 16 3.79068848342
13 17 3.59799479109
14 0 3.24412513142
14 1 2.32680022493
14 2 3.83928164487
14 3 4.69604374256
14 4 4.97695476765
14 5 4.56812924153
14 6 4.80860606588
14 7 4.13356704004
14 8 5.34720138934
14 9 3.71725263841
14 10 4.53584679222
14 11 3.89335171083
14 12 0.983777848564
14 13 1.54191165736
14 14 0.0
14 15 1.7327480242
14 16 2.31002205032
14 17 2.30537291569
15 0 4.53597255959
15 1 3.77257011176
15 2 5.28778689783
15 3 4.66074610714
15 4 5.08402926164
15 5 4.8086147498
15 6 5.47110631136
15 7 5.01749083439
15 8 5.88832543407
15 9 2.71702576837
15 10 3.36663519469
15 11 3.30095409822
15 12 2.71635878262
15 13 3.10765655761
15 14 1.7327480242
15 15 0.0
15 16 0.960896262048
15 17 0.982047849416
16 0 4.86124896242
16 1 4.16687610404
16 2 5.59624834882
16 3 5.25273417964
16 4 5.78945339248
16 5 5.3471764223
16 6 5.88828959728
16 7 5.41508683783
16 8 6.17215678244
16 9 3.11495208665
16 10 3.72758233579
16 11 3.81230651512
16 12 3.24485526686
16 13 3.79068848342
16 14 2.31002205032
16 15 0.960896262048
16 16 0.0
16 17 1.54151777236
17 0 4.59793591965
17 1 3.96348991655
17 2 5.44917434646
17 3 3.87313083543
17 4 4.35700273349
17 5 4.13357513442
17 6 5.01749632455
17 7 4.72683789414
17 8 5.4151314546
17 9 1.73600429365
17 10 2.4117212645
17 11 2.37945247542
17 12 3.22728393435
17 13 3.59799479109
17 14 2.30537291569
17 15 0.982047849416
17 16 1.54151777236
17 17 0.0
penta.xyz
0.960955885914 0.98329930536 104.915420625
0.983416470047 0.960519236671 105.127600727
0.960810145713 0.98317707878 105.116177079
0.983360917371 0.960690703393 105.218970926
0.960654997925 0.982297467272 105.388075331
0 0 0.0
0 1 0.960955885914
0 2 0.98329930536
0 3 2.71904463769
0 4 1.73689146831
0 5 3.13218872319
0 6 4.37527799813
0 7 4.96765662792
0 8 4.22665613807
0 9 2.71671487849
0 10 3.19026613994
0 11 3.31375862508
0 12 4.40499458552
0 13 5.02579876877
0 14 3.7068813625
1 0 0.960955885914
1 1 0.0
1 2 1.54166745069
1 3 3.2805610563
1 4 2.33770795162
1 5 3.72512412671
1 6 4.89651662074
1 7 5.35510795961
1 8 4.81372153588
1 9 3.11231297155
1 10 3.65911865124
1 11 3.78694020091
1 12 5.04316817067
1 13 5.75037375447
1 14 4.34913999667
2 0 0.98329930536
2 1 1.54166745069
2 2 0.0
2 3 3.19743419915
2 4 2.29064744402
2 5 3.73917158596
2 6 3.66504211517
2 7 4.27556643941
2 8 3.69889982842
2 9 1.73536650363
2 10 2.28791522402
2 11 2.36254374809
2 12 4.24740346429
2 13 4.88984634104
2 14 3.73628771456
3 0 2.71904463769
3 1 3.2805610563
3 2 3.19743419915
3 3 0.0
3 4 0.983416470047
3 5 0.960519236671
3 6 4.38453940294
3 7 4.92524854223
3 8 3.67019119664
3 9 4.39381983731
3 10 4.23990690884
3 11 5.02947624063
3 12 2.72895365891
3 13 3.18021705333
3 14 1.75144866633
4 0 1.73689146831
4 1 2.33770795162
4 2 2.29064744402
4 3 0.983416470047
4 4 0.0
4 5 1.54360742312
4 6 4.2208993665
4 7 4.80207294267
4 8 3.69301095765
4 9 3.67381277932
4 10 3.70211199381
4 11 4.31945370869
4 12 3.20444808
4 13 3.75587852283
4 14 2.3130594178
5 0 3.13218872319
5 1 3.72512412671
5 2 3.73917158596
5 3 0.960519236671
5 4 1.54360742312
5 5 0.0
5 6 5.18110915255
5 7 5.78836368879
5 8 4.45120053365
5 9 5.04988921443
5 10 4.97634830058
5 11 5.58607616855
5 12 3.38262143793
5 13 3.61383786944
5 14 2.41872649855
6 0 4.37527799813
6 1 4.89651662074
6 2 3.66504211517
6 3 4.38453940294
6 4 4.2208993665
6 5 5.18110915255
6 6 0.0
6 7 0.960810145713
6 8 0.98317707878
6 9 2.71579364082
6 10 1.73430556686
6 11 3.12729549453
6 12 2.71807290654
6 13 3.28514765263
6 14 3.20913641176
7 0 4.96765662792
7 1 5.35510795961
7 2 4.27556643941
7 3 4.92524854223
7 4 4.80207294267
7 5 5.78836368879
7 6 0.960810145713
7 7 0.0
7 8 1.54352766321
7 9 3.29341905731
7 10 2.3483370277
7 11 3.78431466398
7 12 3.12708123243
7 13 3.76444427415
7 14 3.70223090668
8 0 4.22665613807
8 1 4.81372153588
8 2 3.69889982842
8 3 3.67019119664
8 4 3.69301095765
8 5 4.45120053365
8 6 0.98317707878
8 7 1.54352766321
8 8 0.0
8 9 3.19192318712
8 10 2.28963131938
8 11 3.67942770789
8 12 1.73614698895
8 13 2.34256858642
8 14 2.300884376
9 0 2.71671487849
9 1 3.11231297155
9 2 1.73536650363
9 3 4.39381983731
9 4 3.67381277932
9 5 5.04988921443
9 6 2.71579364082
9 7 3.29341905731
9 8 3.19192318712
9 9 0.0
9 10 0.983360917371
9 11 0.960690703393
9 12 4.39436355987
9 13 5.01551229045
9 14 4.26161299451
10 0 3.19026613994
10 1 3.65911865124
10 2 2.28791522402
10 3 4.23990690884
10 4 3.70211199381
10 5 4.97634830058
10 6 1.73430556686
10 7 2.3483370277
10 8 2.28963131938
10 9 0.983360917371
10 10 0.0
10 11 1.54463983541
10 12 3.68089432254
10 13 4.30630117725
10 14 3.73201110899
11 0 3.31375862508
11 1 3.78694020091
11 2 2.36254374809
11 3 5.02947624063
11 4 4.31945370869
11 5 5.58607616855
11 6 3.12729549453
11 7 3.78431466398
11 8 3.67942770789
11 9 0.960690703393
11 10 1.54463983541
11 11 0.0
11 12 4.9322336832
11 13 5.42340335585
11 14 4.85185807321
12 0 4.40499458552
12 1 5.04316817067
12 2 4.24740346429
12 3 2.72895365891
12 4 3.20444808
12 5 3.38262143793
12 6 2.71807290654
12 7 3.12708123243
12 8 1.73614698895
12 9 4.39436355987
12 10 3.68089432254
12 11 4.9322336832
12 12 0.0
12 13 0.960654997925
12 14 0.982297467272
13 0 5.02579876877
13 1 5.75037375447
13 2 4.88984634104
13 3 3.18021705333
13 4 3.75587852283
13 5 3.61383786944
13 6 3.28514765263
13 7 3.76444427415
13 8 2.34256858642
13 9 5.01551229045
13 10 4.30630117725
13 11 5.42340335585
13 12 0.960654997925
13 13 0.0
13 14 1.54550029192
14 0 3.7068813625
14 1 4.34913999667
14 2 3.73628771456
14 3 1.75144866633
14 4 2.3130594178
14 5 2.41872649855
14 6 3.20913641176
14 7 3.70223090668
14 8 2.300884376
14 9 4.26161299451
14 10 3.73201110899
14 11 4.85185807321
14 12 0.982297467272
14 13 1.54550029192
14 14 0.0
tetra.xyz
0.960859691765 0.98170550756 105.305443206
0.981690895025 0.960838680043 105.312590835
0.960854514561 0.981699291244 105.314903391
0.981668738367 0.960900550058 105.284579315
0 0 0.0
0 1 0.960859691765
0 2 0.98170550756
0 3 2.73393462743
0 4 1.76768366988
0 5 3.18807645222
0 6 3.86560521342
0 7 4.51523030201
0 8 3.3694294348
0 9 2.73407966469
0 10 3.03203755288
0 11 3.35114333018
1 0 0.960859691765
1 1 0.0
1 2 1.54433899285
1 3 3.34729548552
1 4 2.39943550157
1 5 3.87613823261
1 6 4.51187822618
1 7 5.03871244252
1 8 4.04006877648
1 9 3.18683707859
1 10 3.59437109731
1 11 3.87859073735
2 0 0.98170550756
2 1 1.54433899285
2 2 0.0
2 3 3.03275588144
2 4 2.20195396261
2 5 3.59697824263
2 6 3.36953588431
2 7 4.04386482329
2 8 3.11290242072
2 9 1.76772319218
2 10 2.20102895577
2 11 2.40255134758
3 0 2.73393462743
3 1 3.34729548552
3 2 3.03275588144
3 3 0.0
3 4 0.981690895025
3 5 0.960838680043
3 6 2.7341025973
3 7 3.18785685671
3 8 1.76773539203
3 9 3.86717396821
3 10 3.37062451733
3 11 4.51634524356
4 0 1.76768366988
4 1 2.39943550157
4 2 2.20195396261
4 3 0.981690895025
4 4 0.0
4 5 1.54438419539
4 6 3.03262911387
4 7 3.59717786618
4 8 2.20151954349
4 9 3.37111545048
4 10 3.11395442779
4 11 4.04492303324
5 0 3.18807645222
5 1 3.87613823261
5 2 3.59697824263
5 3 0.960838680043
5 4 1.54438419539
5 5 0.0
5 6 3.34986879455
5 7 3.87728476651
5 8 2.40148764233
5 9 4.51601223349
5 10 4.04389282335
5 11 5.04287117225
6 0 3.86560521342
6 1 4.51187822618
6 2 3.36953588431
6 3 2.7341025973
6 4 3.03262911387
6 5 3.34986879455
6 6 0.0
6 7 0.960854514561
6 8 0.981699291244
6 9 2.73412026157
6 10 1.76777595591
6 11 3.187387886
7 0 4.51523030201
7 1 5.03871244252
7 2 4.04386482329
7 3 3.18785685671
7 4 3.59717786618
7 5 3.87728476651
7 6 0.960854514561
7 7 0.0
7 8 1.54442719763
7 9 3.35102160222
7 10 2.40253628025
7 11 3.8778280879
8 0 3.3694294348
8 1 4.04006877648
8 2 3.11290242072
8 3 1.76773539203
8 4 2.20151954349
8 5 2.40148764233
8 6 0.981699291244
8 7 1.54442719763
8 8 0.0
8 9 3.03282683876
8 10 2.20169994354
8 11 3.59676627051
9 0 2.73407966469
9 1 3.18683707859
9 2 1.76772319218
9 3 3.86717396821
9 4 3.37111545048
9 5 4.51601223349
9 6 2.73412026157
9 7 3.35102160222
9 8 3.03282683876
9 9 0.0
9 10 0.981668738367
9 11 0.960900550058
10 0 3.03203755288
10 1 3.59437109731
10 2 2.20102895577
10 3 3.37062451733
10 4 3.11395442779
10 5 4.04389282335
10 6 1.76777595591
10 7 2.40253628025
10 8 2.20169994354
10 9 0.981668738367
10 10 0.0
10 11 1.54412730229
11 0 3.35114333018
11 1 3.87859073735
11 2 2.40255134758
11 3 4.51634524356
11 4 4.04492303324
11 5 5.04287117225
11 6 3.187387886
11 7 3.8778280879
11 8 3.59676627051
11 9 0.960900550058
11 10 1.54412730229
11 11 0.0
trimer.xyz
0.960710487144 0.973894701768 105.550565803
0.974607859438 0.960925751248 105.279522527
0.960624723869 0.974716333413 105.47863509
0 0 0.0
0 1 0.960710487144
0 2 0.973894701768
0 3 2.78527821719
0 4 1.89193727152
0 5 3.31845645991
0 6 2.79015663731
0 7 3.54626283493
0 8 2.77541899118
1 0 0.960710487144
1 1 0.0
1 2 1.54048683048
1 3 3.49268601995
1 4 2.59294031952
1 5 4.10342276712
1 6 3.39493720769
1 7 4.0009094416
1 8 3.47919589505
2 0 0.973894701768
2 1 1.54048683048
2 2 0.0
2 3 2.79459196975
2 4 2.1308392053
2 5 3.44530677158
2 6 1.91360846044
2 7 2.64522517395
2 8 2.13694243997
3 0 2.78527821719
3 1 3.49268601995
3 2 2.79459196975
3 3 0.0
3 4 0.974607859438
3 5 0.960925751248
3 6 2.78706456805
3 7 3.34899562193
3 8 1.89344110327
4 0 1.89193727152
4 1 2.59294031952
4 2 2.1308392053
4 3 0.974607859438
4 4 0.0
4 5 1.53845405499
4 6 2.77580169974
4 7 3.46772945371
4 8 2.11398922857
5 0 3.31845645991
5 1 4.10342276712
5 2 3.44530677158
5 3 0.960925751248
5 4 1.53845405499
5 5 0.0
5 6 3.44975167421
5 7 4.08576048075
5 8 2.55921890255
6 0 2.79015663731
6 1 3.39493720769
6 2 1.91360846044
6 3 2.78706456805
6 4 2.77580169974
6 5 3.44975167421
6 6 0.0
6 7 0.960624723869
6 8 0.974716333413
7 0 3.54626283493
7 1 4.0009094416
7 2 2.64522517395
7 3 3.34899562193
7 4 3.46772945371
7 5 4.08576048075
7 6 0.960624723869
7 7 0.0
7 8 1.54034054832
8 0 2.77541899118
8 1 3.47919589505
8 2 2.13694243997
8 3 1.89344110327
8 4 2.11398922857
8 5 2.55921890255
8 6 0.974716333413
8 7 1.54034054832
8 8 0.0
smith01.xyz
0.957200183968 0.957200183968 104.519907537
0.957200012399 0.957199411688 104.519980529
0 0 0.0
0 1 0.957200183968
0 2 0.957200183968
0 3 2.89631003594
0 4 3.41593804257
0 5 3.41593717794
1 0 0.957200183968
1 1 0.0
1 2 1.5139
1 3 3.31196725618
1 4 3.90529659233
1 5 3.90529564222
2 0 0.957200183968
2 1 1.5139
2 2 0.0
2 3 1.94099989273
2 4 2.51171394149
2 5 2.51171306696
3 0 2.89631003594
3 1 3.31196725618
3 2 1.94099989273
3 3 0.0
3 4 0.957200012399
3 5 0.957199411688
4 0 3.41593804257
4 1 3.90529659233
4 2 2.51171394149
4 3 0.957200012399
4 4 0.0
4 5 1.5139
5 0 3.41593717794
5 1 3.90529564222
5 2 2.51171306696
5 3 0.957199411688
5 4 1.5139
5 5 0.0
smith02.xyz
0.957200974764 0.957200183968 104.519944174
0.957199238373 0.9572004004 104.516587675
0 0 0.0
0 1 0.957200974764
0 2 0.957200183968
0 3 2.9139815613
0 4 3.68014233515
0 5 3.38465334455
1 0 0.957200974764
1 1 0.0
1 2 1.513901
1 3 3.37613599731
1 4 3.97328642589
1 5 3.9889914872
2 0 0.957200183968
2 1 1.513901
2 2 0.0
2 3 1.9679999862
2 4 2.72751170271
2 5 2.52633744027
3 0 2.9139815613
3 1 3.37613599731
3 2 1.9679999862
3 3 0.0
3 4 0.957199238373
3 5 0.9572004004
4 0 3.68014233515
4 1 3.97328642589
4 2 2.72751170271
4 3 0.957199238373
4 4 0.0
4 5 1.51386547522
5 0 3.38465334455
5 1 3.9889914872
5 2 2.52633744027
5 3 0.9572004004
5 4 1.51386547522
5 5 0.0
smith03.xyz
0.957199571889 0.957199571889 104.520002207
0.957199386365 0.957201513597 104.519949447
0 0 0.0
0 1 0.957199571889
0 2 0.957199571889
0 3 2.91556046206
0 4 3.39866060506
0 5 3.7248298046
1 0 0.957199571889
1 1 0.0
1 2 1.5139
1 3 3.39043437459
1 4 4.0469496003
1 5 4.04849834343
2 0 0.957199571889
2 1 1.5139
2 2 0.0
2 3 1.97000700192
2 4 2.54022783344
2 5 2.76810505301
3 0 2.91556046206
3 1 3.39043437459
3 2 1.97000700192
3 3 0.0
3 4 0.957199386365
3 5 0.957201513597
4 0 3.39866060506
4 1 4.0469496003
4 2 2.54022783344
4 3 0.957199386365
4 4 0.0
4 5 1.51390084928
5 0 3.7248298046
5 1 4.04849834343
5 2 2.76810505301
5 3 0.957201513597
5 4 1.51390084928
5 5 0.0
smith04.xyz
0.957200362685 0.957199571889 104.520038845
0.957199571889 0.957200362685 104.520038845
0 0 0.0
0 1 0.957200362685
0 2 0.957199571889
0 3 2.76962019858
0 4 2.26500043434
0 5 3.53427842413
1 0 0.957200362685
1 1 0.0
1 2 1.513901
1 3 3.53427842413
1 4 3.08076649868
1 5 4.37537621043
2 0 0.957199571889
2 1 1.513901
2 2 0.0
2 3 2.26500043434
2 4 2.10288371804
2 5 3.08076649868
3 0 2.76962019858
3 1 3.53427842413
3 2 2.26500043434
3 3 0.0
3 4 0.957199571889
3 5 0.957200362685
4 0 2.26500043434
4 1 3.08076649868
4 2 2.10288371804
4 3 0.957199571889
4 4 0.0
4 5 1.513901
5 0 3.53427842413
5 1 4.37537621043
5 2 3.08076649868
5 3 0.957200362685
5 4 1.513901
5 5 0.0
smith05.xyz
0.957199571889 0.957200362685 104.520038845
0.95720017092 0.957200387264 104.519963527
0 0 0.0
0 1 0.957199571889
0 2 0.957200362685
0 3 2.74635267623
0 4 3.61420620256
0 5 2.27299980847
1 0 0.957199571889
1 1 0.0
1 2 1.513901
1 3 3.61473839189
1 4 4.47536235383
1 5 3.18609981448
2 0 0.957200362685
2 1 1.513901
2 2 0.0
2 3 2.27473331007
2 4 3.1877282179
2 5 2.14846733706
3 0 2.74635267623
3 1 3.61473839189
3 2 2.27473331007
3 3 0.0
3 4 0.95720017092
3 5 0.957200387264
4 0 3.61420620256
4 1 4.47536235383
4 2 3.1877282179
4 3 0.95720017092
4 4 0.0
4 5 1.51390072298
5 0 2.27299980847
5 1 3.18609981448
5 2 2.14846733706
5 3 0.957200387264
5 4 1.51390072298
5 5 0.0
smith06.xyz
0.957200974764 0.957200183968 104.519944174
0.957199571889 0.957200974764 104.51999151
0 0 0.0
0 1 0.957200974764
0 2 0.957200183968
0 3 2.73476825877
0 4 2.27599983622
0 5 3.63335837449
1 0 0.957200974764
1 1 0.0
1 2 1.513901
1 3 3.63335837449
1 4 3.23157537302
1 5 4.55588587851
2 0 0.957200183968
2 1 1.513901
2 2 0.0
2 3 2.27600039194
2 4 2.17114228506
2 5 3.23157594571
3 0 2.73476825877
3 1 3.63335837449
3 2 2.27600039194
3 3 0.0
3 4 0.957199571889
3 5 0.957200974764
4 0 2.27599983622
4 1 3.23157537302
4 2 2.17114228506
4 3 0.957199571889
4 4 0.0
4 5 1.513901
5 0 3.63335837449
5 1 4.55588587851
5 2 3.23157594571
5 3 0.957200974764
5 4 1.513901
5 5 0.0
smith07.xyz
0.957200362685 0.957199571889 104.520038845
0.957199808708 0.957200449978 104.52001378
0 0 0.0
0 1 0.957200362685
0 2 0.957199571889
0 3 2.86818780107
0 4 2.57694261764
0 5 2.57694233768
1 0 0.957200362685
1 1 0.0
1 2 1.513901
1 3 2.6199994153
1 4 2.51124165539
1 5 2.51124113481
2 0 0.957199571889
2 1 1.513901
2 2 0.0
2 3 3.81447936127
2 4 3.50314178061
2 5 3.50314140743
3 0 2.86818780107
3 1 2.6199994153
3 2 3.81447936127
3 3 0.0
3 4 0.957199808708
3 5 0.957200449978
4 0 2.57694261764
4 1 2.51124165539
4 2 3.50314178061
4 3 0.957199808708
4 4 0.0
4 5 1.513901
5 0 2.57694233768
5 1 2.51124113481
5 2 3.50314140743
5 3 0.957200449978
5 4 1.513901
5 5 0.0
smith08.xyz
0.957199571889 0.957200362685 104.520038845
0.957200362687 0.957199571891 104.520038845
0 0 0.0
0 1 0.957199571889
0 2 0.957200362685
0 3 3.38193007901
0 4 3.14399996793
0 5 3.14399972717
1 0 0.957199571889
1 1 0.0
1 2 1.513901
1 3 3.14400140996
1 4 2.80581484098
1 5 3.18817975212
2 0 0.957200362685
2 1 1.513901
2 2 0.0
2 3 3.14400165072
2 4 3.18818070182
2 5 2.80581484098
3 0 3.38193007901
3 1 3.14400140996
3 2 3.14400165072
3 3 0.0
3 4 0.957200362687
3 5 0.957199571891
4 0 3.14399996793
4 1 2.80581484098
4 2 3.18818070182
4 3 0.957200362687
4 4 0.0
4 5 1.513901
5 0 3.14399972717
5 1 3.18817975212
5 2 2.80581484098
5 3 0.957199571891
5 4 1.513901
5 5 0.0
smith09.xyz
0.957200362685 0.957199571889 104.520038845
0.957199571889 0.957200362685 104.520038845
0 0 0.0
0 1 0.957200362685
0 2 0.957199571889
0 3 2.918119
0 4 3.58482863056
0 5 3.58482884172
1 0 0.957200362685
1 1 0.0
1 2 1.513901
1 3 2.45200004906
1 4 3.10827389672
1 5 3.10827414025
2 0 0.957199571889
2 1 1.513901
2 2 0.0
2 3 2.45199974035
2 4 3.1082736532
2 5 3.10827389672
3 0 2.918119
3 1 2.45200004906
3 2 2.45199974035
3 3 0.0
3 4 0.957199571889
3 5 0.957200362685
4 0 3.58482863056
4 1 3.10827389672
4 2 3.1082736532
4 3 0.957199571889
4 4 0.0
4 5 1.513901
5 0 3.58482884172
5 1 3.10827414025
5 2 3.10827389672
5 3 0.957200362685
5 4 1.513901
5 5 0.0
smith10.xyz
0.957200183968 0.957200974764 104.519944174
0.957200362685 0.957199571889 104.520038845
0 0 0.0
0 1 0.957200183968
0 2 0.957200974764
0 3 3.104597
0 4 2.63000001286
0 5 2.62999972504
1 0 0.957200183968
1 1 0.0
1 2 1.513901
1 3 3.76730884491
1 4 3.104598
1 5 3.45404428918
2 0 0.957200974764
2 1 1.513901
2 2 0.0
2 3 3.76730904583
2 4 3.45404516577
2 5 3.104598
3 0 3.104597
3 1 3.76730884491
3 2 3.76730904583
3 3 0.0
3 4 0.957200362685
3 5 0.957199571889
4 0 2.63000001286
4 1 3.104598
4 2 3.45404516577
4 3 0.957200362685
4 4 0.0
4 5 1.513901
5 0 2.62999972504
5 1 3.45404428918
5 2 3.104598
5 3 0.957199571889
5 4 1.513901
5 5 0.0
monomer_exp.xyz
0.957200183968 0.957200183968 104.519907537
0 0 0.0
0 1 0.957200183968
0 2 0.957200183968
1 0 0.957200183968
1 1 0.0
1 2 1.5139
2 0 0.957200183968
2 1 1.5139
2 2 0.0
monomer_mp2.xyz
0.961322348121 0.961322369102 104.124251449
0 0 0.0
0 1 0.961322348121
0 2 0.961322369102
1 0 0.961322348121
1 1 0.0
1 2 1.51634730386
2 0 0.961322369102
2 1 1.51634730386
2 2 0.0
